Apache Maven 3.3.3 (7994120775791599e205a5524ec3e0dfe41d4a06; 2015-04-22T04:57:37-07:00)
Maven home: /usr/local/Cellar/maven/3.3.3/libexec
Java version: 1.8.0_45, vendor: Oracle Corporation
Java home: /Library/Java/JavaVirtualMachines/jdk1.8.0_45.jdk/Contents/Home/jre
Default locale: en_US, platform encoding: UTF-8
OS name: "mac os x", version: "10.10.4", arch: "x86_64", family: "mac"
[DEBUG] Created new class realm maven.api
[DEBUG] Importing foreign packages into class realm maven.api
[DEBUG]   Imported: javax.enterprise.inject.* < plexus.core
[DEBUG]   Imported: javax.enterprise.util.* < plexus.core
[DEBUG]   Imported: javax.inject.* < plexus.core
[DEBUG]   Imported: org.apache.maven.* < plexus.core
[DEBUG]   Imported: org.apache.maven.artifact < plexus.core
[DEBUG]   Imported: org.apache.maven.classrealm < plexus.core
[DEBUG]   Imported: org.apache.maven.cli < plexus.core
[DEBUG]   Imported: org.apache.maven.configuration < plexus.core
[DEBUG]   Imported: org.apache.maven.exception < plexus.core
[DEBUG]   Imported: org.apache.maven.execution < plexus.core
[DEBUG]   Imported: org.apache.maven.execution.scope < plexus.core
[DEBUG]   Imported: org.apache.maven.lifecycle < plexus.core
[DEBUG]   Imported: org.apache.maven.model < plexus.core
[DEBUG]   Imported: org.apache.maven.monitor < plexus.core
[DEBUG]   Imported: org.apache.maven.plugin < plexus.core
[DEBUG]   Imported: org.apache.maven.profiles < plexus.core
[DEBUG]   Imported: org.apache.maven.project < plexus.core
[DEBUG]   Imported: org.apache.maven.reporting < plexus.core
[DEBUG]   Imported: org.apache.maven.repository < plexus.core
[DEBUG]   Imported: org.apache.maven.rtinfo < plexus.core
[DEBUG]   Imported: org.apache.maven.settings < plexus.core
[DEBUG]   Imported: org.apache.maven.toolchain < plexus.core
[DEBUG]   Imported: org.apache.maven.usability < plexus.core
[DEBUG]   Imported: org.apache.maven.wagon.* < plexus.core
[DEBUG]   Imported: org.apache.maven.wagon.authentication < plexus.core
[DEBUG]   Imported: org.apache.maven.wagon.authorization < plexus.core
[DEBUG]   Imported: org.apache.maven.wagon.events < plexus.core
[DEBUG]   Imported: org.apache.maven.wagon.observers < plexus.core
[DEBUG]   Imported: org.apache.maven.wagon.proxy < plexus.core
[DEBUG]   Imported: org.apache.maven.wagon.repository < plexus.core
[DEBUG]   Imported: org.apache.maven.wagon.resource < plexus.core
[DEBUG]   Imported: org.codehaus.classworlds < plexus.core
[DEBUG]   Imported: org.codehaus.plexus.* < plexus.core
[DEBUG]   Imported: org.codehaus.plexus.classworlds < plexus.core
[DEBUG]   Imported: org.codehaus.plexus.component < plexus.core
[DEBUG]   Imported: org.codehaus.plexus.configuration < plexus.core
[DEBUG]   Imported: org.codehaus.plexus.container < plexus.core
[DEBUG]   Imported: org.codehaus.plexus.context < plexus.core
[DEBUG]   Imported: org.codehaus.plexus.lifecycle < plexus.core
[DEBUG]   Imported: org.codehaus.plexus.logging < plexus.core
[DEBUG]   Imported: org.codehaus.plexus.personality < plexus.core
[DEBUG]   Imported: org.codehaus.plexus.util.xml.Xpp3Dom < plexus.core
[DEBUG]   Imported: org.codehaus.plexus.util.xml.pull.XmlPullParser < plexus.core
[DEBUG]   Imported: org.codehaus.plexus.util.xml.pull.XmlPullParserException < plexus.core
[DEBUG]   Imported: org.codehaus.plexus.util.xml.pull.XmlSerializer < plexus.core
[DEBUG]   Imported: org.eclipse.aether.* < plexus.core
[DEBUG]   Imported: org.eclipse.aether.artifact < plexus.core
[DEBUG]   Imported: org.eclipse.aether.collection < plexus.core
[DEBUG]   Imported: org.eclipse.aether.deployment < plexus.core
[DEBUG]   Imported: org.eclipse.aether.graph < plexus.core
[DEBUG]   Imported: org.eclipse.aether.impl < plexus.core
[DEBUG]   Imported: org.eclipse.aether.installation < plexus.core
[DEBUG]   Imported: org.eclipse.aether.internal.impl < plexus.core
[DEBUG]   Imported: org.eclipse.aether.metadata < plexus.core
[DEBUG]   Imported: org.eclipse.aether.repository < plexus.core
[DEBUG]   Imported: org.eclipse.aether.resolution < plexus.core
[DEBUG]   Imported: org.eclipse.aether.spi < plexus.core
[DEBUG]   Imported: org.eclipse.aether.transfer < plexus.core
[DEBUG]   Imported: org.eclipse.aether.version < plexus.core
[DEBUG]   Imported: org.slf4j.* < plexus.core
[DEBUG]   Imported: org.slf4j.spi.* < plexus.core
[DEBUG] Populating class realm maven.api
[INFO] Error stacktraces are turned on.
[DEBUG] Reading global settings from /usr/local/Cellar/maven/3.3.3/libexec/conf/settings.xml
[DEBUG] Reading user settings from /Users/aamarth/.m2/settings.xml
[DEBUG] Reading global toolchains from /usr/local/Cellar/maven/3.3.3/libexec/conf/toolchains.xml
[DEBUG] Reading user toolchains from /Users/aamarth/.m2/toolchains.xml
[DEBUG] Using local repository at /Users/aamarth/.m2/repository
[DEBUG] Using manager EnhancedLocalRepositoryManager with priority 10.0 for /Users/aamarth/.m2/repository
[INFO] Scanning for projects...
[DEBUG] Extension realms for project com.abilash.nupic:nupictest:jar:0.0.1-SNAPSHOT: (none)
[DEBUG] Looking up lifecyle mappings for packaging jar from ClassRealm[plexus.core, parent: null]
[DEBUG] === REACTOR BUILD PLAN ================================================
[DEBUG] Project: com.abilash.nupic:nupictest:jar:0.0.1-SNAPSHOT
[DEBUG] Tasks:   [clean, install]
[DEBUG] Style:   Regular
[DEBUG] =======================================================================
[INFO]                                                                         
[INFO] ------------------------------------------------------------------------
[INFO] Building nupictest 0.0.1-SNAPSHOT
[INFO] ------------------------------------------------------------------------
[DEBUG] Lifecycle default -> [validate, initialize, generate-sources, process-sources, generate-resources, process-resources, compile, process-classes, generate-test-sources, process-test-sources, generate-test-resources, process-test-resources, test-compile, process-test-classes, test, prepare-package, package, pre-integration-test, integration-test, post-integration-test, verify, install, deploy]
[DEBUG] Lifecycle clean -> [pre-clean, clean, post-clean]
[DEBUG] Lifecycle site -> [pre-site, site, post-site, site-deploy]
[DEBUG] Lifecycle default -> [validate, initialize, generate-sources, process-sources, generate-resources, process-resources, compile, process-classes, generate-test-sources, process-test-sources, generate-test-resources, process-test-resources, test-compile, process-test-classes, test, prepare-package, package, pre-integration-test, integration-test, post-integration-test, verify, install, deploy]
[DEBUG] Lifecycle clean -> [pre-clean, clean, post-clean]
[DEBUG] Lifecycle site -> [pre-site, site, post-site, site-deploy]
[DEBUG] Lifecycle default -> [validate, initialize, generate-sources, process-sources, generate-resources, process-resources, compile, process-classes, generate-test-sources, process-test-sources, generate-test-resources, process-test-resources, test-compile, process-test-classes, test, prepare-package, package, pre-integration-test, integration-test, post-integration-test, verify, install, deploy]
[DEBUG] Lifecycle clean -> [pre-clean, clean, post-clean]
[DEBUG] Lifecycle site -> [pre-site, site, post-site, site-deploy]
[DEBUG] Lifecycle default -> [validate, initialize, generate-sources, process-sources, generate-resources, process-resources, compile, process-classes, generate-test-sources, process-test-sources, generate-test-resources, process-test-resources, test-compile, process-test-classes, test, prepare-package, package, pre-integration-test, integration-test, post-integration-test, verify, install, deploy]
[DEBUG] Lifecycle clean -> [pre-clean, clean, post-clean]
[DEBUG] Lifecycle site -> [pre-site, site, post-site, site-deploy]
[DEBUG] Lifecycle default -> [validate, initialize, generate-sources, process-sources, generate-resources, process-resources, compile, process-classes, generate-test-sources, process-test-sources, generate-test-resources, process-test-resources, test-compile, process-test-classes, test, prepare-package, package, pre-integration-test, integration-test, post-integration-test, verify, install, deploy]
[DEBUG] Lifecycle clean -> [pre-clean, clean, post-clean]
[DEBUG] Lifecycle site -> [pre-site, site, post-site, site-deploy]
[DEBUG] Lifecycle default -> [validate, initialize, generate-sources, process-sources, generate-resources, process-resources, compile, process-classes, generate-test-sources, process-test-sources, generate-test-resources, process-test-resources, test-compile, process-test-classes, test, prepare-package, package, pre-integration-test, integration-test, post-integration-test, verify, install, deploy]
[DEBUG] Lifecycle clean -> [pre-clean, clean, post-clean]
[DEBUG] Lifecycle site -> [pre-site, site, post-site, site-deploy]
[DEBUG] Lifecycle default -> [validate, initialize, generate-sources, process-sources, generate-resources, process-resources, compile, process-classes, generate-test-sources, process-test-sources, generate-test-resources, process-test-resources, test-compile, process-test-classes, test, prepare-package, package, pre-integration-test, integration-test, post-integration-test, verify, install, deploy]
[DEBUG] Lifecycle clean -> [pre-clean, clean, post-clean]
[DEBUG] Lifecycle site -> [pre-site, site, post-site, site-deploy]
[DEBUG] Lifecycle default -> [validate, initialize, generate-sources, process-sources, generate-resources, process-resources, compile, process-classes, generate-test-sources, process-test-sources, generate-test-resources, process-test-resources, test-compile, process-test-classes, test, prepare-package, package, pre-integration-test, integration-test, post-integration-test, verify, install, deploy]
[DEBUG] Lifecycle clean -> [pre-clean, clean, post-clean]
[DEBUG] Lifecycle site -> [pre-site, site, post-site, site-deploy]
[DEBUG] Lifecycle default -> [validate, initialize, generate-sources, process-sources, generate-resources, process-resources, compile, process-classes, generate-test-sources, process-test-sources, generate-test-resources, process-test-resources, test-compile, process-test-classes, test, prepare-package, package, pre-integration-test, integration-test, post-integration-test, verify, install, deploy]
[DEBUG] Lifecycle clean -> [pre-clean, clean, post-clean]
[DEBUG] Lifecycle site -> [pre-site, site, post-site, site-deploy]
[DEBUG] Lifecycle default -> [validate, initialize, generate-sources, process-sources, generate-resources, process-resources, compile, process-classes, generate-test-sources, process-test-sources, generate-test-resources, process-test-resources, test-compile, process-test-classes, test, prepare-package, package, pre-integration-test, integration-test, post-integration-test, verify, install, deploy]
[DEBUG] Lifecycle clean -> [pre-clean, clean, post-clean]
[DEBUG] Lifecycle site -> [pre-site, site, post-site, site-deploy]
[DEBUG] === PROJECT BUILD PLAN ================================================
[DEBUG] Project:       com.abilash.nupic:nupictest:0.0.1-SNAPSHOT
[DEBUG] Dependencies (collect): []
[DEBUG] Dependencies (resolve): [compile, runtime, test]
[DEBUG] Repositories (dependencies): [central (https://repo.maven.apache.org/maven2, default, releases)]
[DEBUG] Repositories (plugins)     : [central (https://repo.maven.apache.org/maven2, default, releases)]
[DEBUG] -----------------------------------------------------------------------
[DEBUG] Goal:          org.apache.maven.plugins:maven-clean-plugin:2.5:clean (default-clean)
[DEBUG] Style:         Regular
[DEBUG] Configuration: <?xml version="1.0" encoding="UTF-8"?>
<configuration>
  <directory default-value="${project.build.directory}"/>
  <excludeDefaultDirectories default-value="false">${clean.excludeDefaultDirectories}</excludeDefaultDirectories>
  <failOnError default-value="true">${maven.clean.failOnError}</failOnError>
  <followSymLinks default-value="false">${clean.followSymLinks}</followSymLinks>
  <outputDirectory default-value="${project.build.outputDirectory}"/>
  <reportDirectory default-value="${project.reporting.outputDirectory}"/>
  <retryOnError default-value="true">${maven.clean.retryOnError}</retryOnError>
  <skip default-value="false">${clean.skip}</skip>
  <testOutputDirectory default-value="${project.build.testOutputDirectory}"/>
  <verbose>${clean.verbose}</verbose>
</configuration>
[DEBUG] -----------------------------------------------------------------------
[DEBUG] Goal:          org.apache.maven.plugins:maven-resources-plugin:2.6:resources (default-resources)
[DEBUG] Style:         Regular
[DEBUG] Configuration: <?xml version="1.0" encoding="UTF-8"?>
<configuration>
  <buildFilters default-value="${project.build.filters}"/>
  <encoding default-value="${project.build.sourceEncoding}">${encoding}</encoding>
  <escapeString>${maven.resources.escapeString}</escapeString>
  <escapeWindowsPaths default-value="true">${maven.resources.escapeWindowsPaths}</escapeWindowsPaths>
  <includeEmptyDirs default-value="false">${maven.resources.includeEmptyDirs}</includeEmptyDirs>
  <outputDirectory default-value="${project.build.outputDirectory}"/>
  <overwrite default-value="false">${maven.resources.overwrite}</overwrite>
  <project default-value="${project}"/>
  <resources default-value="${project.resources}"/>
  <session default-value="${session}"/>
  <supportMultiLineFiltering default-value="false">${maven.resources.supportMultiLineFiltering}</supportMultiLineFiltering>
  <useBuildFilters default-value="true"/>
  <useDefaultDelimiters default-value="true"/>
</configuration>
[DEBUG] -----------------------------------------------------------------------
[DEBUG] Goal:          org.apache.maven.plugins:maven-compiler-plugin:3.3:compile (default-compile)
[DEBUG] Style:         Regular
[DEBUG] Configuration: <?xml version="1.0" encoding="UTF-8"?>
<configuration>
  <basedir default-value="${basedir}"/>
  <buildDirectory default-value="${project.build.directory}"/>
  <classpathElements default-value="${project.compileClasspathElements}"/>
  <compileSourceRoots default-value="${project.compileSourceRoots}"/>
  <compilerId default-value="javac">${maven.compiler.compilerId}</compilerId>
  <compilerReuseStrategy default-value="${reuseCreated}">${maven.compiler.compilerReuseStrategy}</compilerReuseStrategy>
  <compilerVersion>${maven.compiler.compilerVersion}</compilerVersion>
  <debug default-value="true">${maven.compiler.debug}</debug>
  <debuglevel>${maven.compiler.debuglevel}</debuglevel>
  <encoding default-value="${project.build.sourceEncoding}">${encoding}</encoding>
  <executable>${maven.compiler.executable}</executable>
  <failOnError default-value="true">${maven.compiler.failOnError}</failOnError>
  <forceJavacCompilerUse default-value="false">${maven.compiler.forceJavacCompilerUse}</forceJavacCompilerUse>
  <fork default-value="false">${maven.compiler.fork}</fork>
  <generatedSourcesDirectory default-value="${project.build.directory}/generated-sources/annotations"/>
  <maxmem>${maven.compiler.maxmem}</maxmem>
  <meminitial>${maven.compiler.meminitial}</meminitial>
  <mojoExecution default-value="${mojoExecution}"/>
  <optimize default-value="false">${maven.compiler.optimize}</optimize>
  <outputDirectory default-value="${project.build.outputDirectory}"/>
  <project default-value="${project}"/>
  <projectArtifact default-value="${project.artifact}"/>
  <session default-value="${session}"/>
  <showDeprecation default-value="false">${maven.compiler.showDeprecation}</showDeprecation>
  <showWarnings default-value="false">${maven.compiler.showWarnings}</showWarnings>
  <skipMain>${maven.main.skip}</skipMain>
  <skipMultiThreadWarning default-value="false">${maven.compiler.skipMultiThreadWarning}</skipMultiThreadWarning>
  <source default-value="1.5">1.8</source>
  <staleMillis default-value="0">${lastModGranularityMs}</staleMillis>
  <target default-value="1.5">1.8</target>
  <useIncrementalCompilation default-value="true">${maven.compiler.useIncrementalCompilation}</useIncrementalCompilation>
  <verbose default-value="false">${maven.compiler.verbose}</verbose>
</configuration>
[DEBUG] -----------------------------------------------------------------------
[DEBUG] Goal:          org.apache.maven.plugins:maven-resources-plugin:2.6:testResources (default-testResources)
[DEBUG] Style:         Regular
[DEBUG] Configuration: <?xml version="1.0" encoding="UTF-8"?>
<configuration>
  <buildFilters default-value="${project.build.filters}"/>
  <encoding default-value="${project.build.sourceEncoding}">${encoding}</encoding>
  <escapeString>${maven.resources.escapeString}</escapeString>
  <escapeWindowsPaths default-value="true">${maven.resources.escapeWindowsPaths}</escapeWindowsPaths>
  <includeEmptyDirs default-value="false">${maven.resources.includeEmptyDirs}</includeEmptyDirs>
  <outputDirectory default-value="${project.build.testOutputDirectory}"/>
  <overwrite default-value="false">${maven.resources.overwrite}</overwrite>
  <project default-value="${project}"/>
  <resources default-value="${project.testResources}"/>
  <session default-value="${session}"/>
  <skip>${maven.test.skip}</skip>
  <supportMultiLineFiltering default-value="false">${maven.resources.supportMultiLineFiltering}</supportMultiLineFiltering>
  <useBuildFilters default-value="true"/>
  <useDefaultDelimiters default-value="true"/>
</configuration>
[DEBUG] -----------------------------------------------------------------------
[DEBUG] Goal:          org.apache.maven.plugins:maven-compiler-plugin:3.3:testCompile (default-testCompile)
[DEBUG] Style:         Regular
[DEBUG] Configuration: <?xml version="1.0" encoding="UTF-8"?>
<configuration>
  <basedir default-value="${basedir}"/>
  <buildDirectory default-value="${project.build.directory}"/>
  <classpathElements default-value="${project.testClasspathElements}"/>
  <compileSourceRoots default-value="${project.testCompileSourceRoots}"/>
  <compilerId default-value="javac">${maven.compiler.compilerId}</compilerId>
  <compilerReuseStrategy default-value="${reuseCreated}">${maven.compiler.compilerReuseStrategy}</compilerReuseStrategy>
  <compilerVersion>${maven.compiler.compilerVersion}</compilerVersion>
  <debug default-value="true">${maven.compiler.debug}</debug>
  <debuglevel>${maven.compiler.debuglevel}</debuglevel>
  <encoding default-value="${project.build.sourceEncoding}">${encoding}</encoding>
  <executable>${maven.compiler.executable}</executable>
  <failOnError default-value="true">${maven.compiler.failOnError}</failOnError>
  <forceJavacCompilerUse default-value="false">${maven.compiler.forceJavacCompilerUse}</forceJavacCompilerUse>
  <fork default-value="false">${maven.compiler.fork}</fork>
  <generatedTestSourcesDirectory default-value="${project.build.directory}/generated-test-sources/test-annotations"/>
  <maxmem>${maven.compiler.maxmem}</maxmem>
  <meminitial>${maven.compiler.meminitial}</meminitial>
  <mojoExecution default-value="${mojoExecution}"/>
  <optimize default-value="false">${maven.compiler.optimize}</optimize>
  <outputDirectory default-value="${project.build.testOutputDirectory}"/>
  <project default-value="${project}"/>
  <session default-value="${session}"/>
  <showDeprecation default-value="false">${maven.compiler.showDeprecation}</showDeprecation>
  <showWarnings default-value="false">${maven.compiler.showWarnings}</showWarnings>
  <skip>${maven.test.skip}</skip>
  <skipMultiThreadWarning default-value="false">${maven.compiler.skipMultiThreadWarning}</skipMultiThreadWarning>
  <source default-value="1.5">1.8</source>
  <staleMillis default-value="0">${lastModGranularityMs}</staleMillis>
  <target default-value="1.5">1.8</target>
  <testSource>${maven.compiler.testSource}</testSource>
  <testTarget>${maven.compiler.testTarget}</testTarget>
  <useIncrementalCompilation default-value="true">${maven.compiler.useIncrementalCompilation}</useIncrementalCompilation>
  <verbose default-value="false">${maven.compiler.verbose}</verbose>
</configuration>
[DEBUG] -----------------------------------------------------------------------
[DEBUG] Goal:          org.apache.maven.plugins:maven-surefire-plugin:2.12.4:test (default-test)
[DEBUG] Style:         Regular
[DEBUG] Configuration: <?xml version="1.0" encoding="UTF-8"?>
<configuration>
  <argLine>${argLine}</argLine>
  <basedir default-value="${basedir}"/>
  <childDelegation default-value="false">${childDelegation}</childDelegation>
  <classesDirectory default-value="${project.build.outputDirectory}"/>
  <debugForkedProcess>${maven.surefire.debug}</debugForkedProcess>
  <disableXmlReport default-value="false">${disableXmlReport}</disableXmlReport>
  <enableAssertions default-value="true">${enableAssertions}</enableAssertions>
  <excludedGroups>${excludedGroups}</excludedGroups>
  <failIfNoSpecifiedTests>${surefire.failIfNoSpecifiedTests}</failIfNoSpecifiedTests>
  <failIfNoTests>${failIfNoTests}</failIfNoTests>
  <forkMode default-value="once">${forkMode}</forkMode>
  <forkedProcessTimeoutInSeconds>${surefire.timeout}</forkedProcessTimeoutInSeconds>
  <groups>${groups}</groups>
  <junitArtifactName default-value="junit:junit">${junitArtifactName}</junitArtifactName>
  <jvm>${jvm}</jvm>
  <localRepository default-value="${localRepository}"/>
  <objectFactory>${objectFactory}</objectFactory>
  <parallel>${parallel}</parallel>
  <parallelMavenExecution default-value="${session.parallel}"/>
  <perCoreThreadCount default-value="true">${perCoreThreadCount}</perCoreThreadCount>
  <pluginArtifactMap>${plugin.artifactMap}</pluginArtifactMap>
  <pluginDescriptor default-value="${plugin}"/>
  <printSummary default-value="true">${surefire.printSummary}</printSummary>
  <projectArtifactMap>${project.artifactMap}</projectArtifactMap>
  <redirectTestOutputToFile default-value="false">${maven.test.redirectTestOutputToFile}</redirectTestOutputToFile>
  <remoteRepositories default-value="${project.pluginArtifactRepositories}"/>
  <reportFormat default-value="brief">${surefire.reportFormat}</reportFormat>
  <reportNameSuffix default-value="">${surefire.reportNameSuffix}</reportNameSuffix>
  <reportsDirectory default-value="${project.build.directory}/surefire-reports"/>
  <runOrder default-value="filesystem"/>
  <skip default-value="false">${maven.test.skip}</skip>
  <skipExec>${maven.test.skip.exec}</skipExec>
  <skipTests default-value="false">${skipTests}</skipTests>
  <test>${test}</test>
  <testClassesDirectory default-value="${project.build.testOutputDirectory}"/>
  <testFailureIgnore default-value="false">${maven.test.failure.ignore}</testFailureIgnore>
  <testNGArtifactName default-value="org.testng:testng">${testNGArtifactName}</testNGArtifactName>
  <testSourceDirectory default-value="${project.build.testSourceDirectory}"/>
  <threadCount>${threadCount}</threadCount>
  <trimStackTrace default-value="true">${trimStackTrace}</trimStackTrace>
  <useFile default-value="true">${surefire.useFile}</useFile>
  <useManifestOnlyJar default-value="true">${surefire.useManifestOnlyJar}</useManifestOnlyJar>
  <useSystemClassLoader default-value="true">${surefire.useSystemClassLoader}</useSystemClassLoader>
  <useUnlimitedThreads default-value="false">${useUnlimitedThreads}</useUnlimitedThreads>
  <workingDirectory>${basedir}</workingDirectory>
  <project default-value="${project}"/>
  <session default-value="${session}"/>
</configuration>
[DEBUG] -----------------------------------------------------------------------
[DEBUG] Goal:          org.apache.maven.plugins:maven-jar-plugin:2.4:jar (default-jar)
[DEBUG] Style:         Regular
[DEBUG] Configuration: <?xml version="1.0" encoding="UTF-8"?>
<configuration>
  <classesDirectory default-value="${project.build.outputDirectory}"/>
  <defaultManifestFile default-value="${project.build.outputDirectory}/META-INF/MANIFEST.MF"/>
  <finalName default-value="${project.build.finalName}">${jar.finalName}</finalName>
  <forceCreation default-value="false">${jar.forceCreation}</forceCreation>
  <outputDirectory default-value="${project.build.directory}"/>
  <project default-value="${project}"/>
  <session default-value="${session}"/>
  <skipIfEmpty default-value="false">${jar.skipIfEmpty}</skipIfEmpty>
  <useDefaultManifestFile default-value="false">${jar.useDefaultManifestFile}</useDefaultManifestFile>
</configuration>
[DEBUG] -----------------------------------------------------------------------
[DEBUG] Goal:          org.apache.maven.plugins:maven-install-plugin:2.4:install (default-install)
[DEBUG] Style:         Regular
[DEBUG] Configuration: <?xml version="1.0" encoding="UTF-8"?>
<configuration>
  <artifact default-value="${project.artifact}"/>
  <attachedArtifacts default-value="${project.attachedArtifacts}"/>
  <createChecksum default-value="false">${createChecksum}</createChecksum>
  <localRepository>${localRepository}</localRepository>
  <packaging default-value="${project.packaging}"/>
  <pomFile default-value="${project.file}"/>
  <skip default-value="false">${maven.install.skip}</skip>
  <updateReleaseInfo default-value="false">${updateReleaseInfo}</updateReleaseInfo>
</configuration>
[DEBUG] =======================================================================
[WARNING] The POM for org.numenta:htm.java:jar:0.5.2 is invalid, transitive dependencies (if any) will not be available: 2 problems were encountered while building the effective model for org.numenta:htm.java:0.5.2
[ERROR] 'dependencies.dependency.systemPath' for local:io.cortical.fxwidgets:jar must specify an absolute path but is ${project.basedir}/libs/cortical.io-widgets-0.9.0.jar @ 
[ERROR] 'dependencies.dependency.systemPath' for local:io.cortical.twitterutils:jar must specify an absolute path but is ${project.basedir}/libs/cortical.io-twitter-utils-0.9.0.jar @ 

[DEBUG] Dependency collection stats: {ConflictMarker.analyzeTime=0, ConflictMarker.markTime=0, ConflictMarker.nodeCount=3, ConflictIdSorter.graphTime=1, ConflictIdSorter.topsortTime=0, ConflictIdSorter.conflictIdCount=2, ConflictIdSorter.conflictIdCycleCount=0, ConflictResolver.totalTime=2, ConflictResolver.conflictItemCount=2, DefaultDependencyCollector.collectTime=8, DefaultDependencyCollector.transformTime=5}
[DEBUG] com.abilash.nupic:nupictest:jar:0.0.1-SNAPSHOT
[DEBUG]    org.numenta:htm.java:jar:0.5.2:compile
[DEBUG]    junit:junit:jar:3.8.1:test
[INFO] 
[INFO] --- maven-clean-plugin:2.5:clean (default-clean) @ nupictest ---
[DEBUG] Dependency collection stats: {ConflictMarker.analyzeTime=0, ConflictMarker.markTime=0, ConflictMarker.nodeCount=3, ConflictIdSorter.graphTime=0, ConflictIdSorter.topsortTime=0, ConflictIdSorter.conflictIdCount=3, ConflictIdSorter.conflictIdCycleCount=0, ConflictResolver.totalTime=0, ConflictResolver.conflictItemCount=3, DefaultDependencyCollector.collectTime=15, DefaultDependencyCollector.transformTime=0}
[DEBUG] org.apache.maven.plugins:maven-clean-plugin:jar:2.5:
[DEBUG]    org.apache.maven:maven-plugin-api:jar:2.0.6:compile
[DEBUG]    org.codehaus.plexus:plexus-utils:jar:3.0:compile
[DEBUG] Created new class realm plugin>org.apache.maven.plugins:maven-clean-plugin:2.5
[DEBUG] Importing foreign packages into class realm plugin>org.apache.maven.plugins:maven-clean-plugin:2.5
[DEBUG]   Imported:  < maven.api
[DEBUG] Populating class realm plugin>org.apache.maven.plugins:maven-clean-plugin:2.5
[DEBUG]   Included: org.apache.maven.plugins:maven-clean-plugin:jar:2.5
[DEBUG]   Included: org.codehaus.plexus:plexus-utils:jar:3.0
[DEBUG] Configuring mojo org.apache.maven.plugins:maven-clean-plugin:2.5:clean from plugin realm ClassRealm[plugin>org.apache.maven.plugins:maven-clean-plugin:2.5, parent: sun.misc.Launcher$AppClassLoader@5c647e05]
[DEBUG] Configuring mojo 'org.apache.maven.plugins:maven-clean-plugin:2.5:clean' with basic configurator -->
[DEBUG]   (f) directory = /Users/aamarth/Documents/VendorAttributeMappingWorkspace/nupictest/target
[DEBUG]   (f) excludeDefaultDirectories = false
[DEBUG]   (f) failOnError = true
[DEBUG]   (f) followSymLinks = false
[DEBUG]   (f) outputDirectory = /Users/aamarth/Documents/VendorAttributeMappingWorkspace/nupictest/target/classes
[DEBUG]   (f) reportDirectory = /Users/aamarth/Documents/VendorAttributeMappingWorkspace/nupictest/target/site
[DEBUG]   (f) retryOnError = true
[DEBUG]   (f) skip = false
[DEBUG]   (f) testOutputDirectory = /Users/aamarth/Documents/VendorAttributeMappingWorkspace/nupictest/target/test-classes
[DEBUG] -- end configuration --
[INFO] Deleting /Users/aamarth/Documents/VendorAttributeMappingWorkspace/nupictest/target
[INFO] Deleting directory /Users/aamarth/Documents/VendorAttributeMappingWorkspace/nupictest/target/test-classes
[INFO] Deleting file /Users/aamarth/Documents/VendorAttributeMappingWorkspace/nupictest/target/maven-status/maven-compiler-plugin/compile/default-compile/inputFiles.lst
[INFO] Deleting file /Users/aamarth/Documents/VendorAttributeMappingWorkspace/nupictest/target/maven-status/maven-compiler-plugin/compile/default-compile/createdFiles.lst
[INFO] Deleting directory /Users/aamarth/Documents/VendorAttributeMappingWorkspace/nupictest/target/maven-status/maven-compiler-plugin/compile/default-compile
[INFO] Deleting directory /Users/aamarth/Documents/VendorAttributeMappingWorkspace/nupictest/target/maven-status/maven-compiler-plugin/compile
[INFO] Deleting directory /Users/aamarth/Documents/VendorAttributeMappingWorkspace/nupictest/target/maven-status/maven-compiler-plugin
[INFO] Deleting directory /Users/aamarth/Documents/VendorAttributeMappingWorkspace/nupictest/target/maven-status
[INFO] Deleting directory /Users/aamarth/Documents/VendorAttributeMappingWorkspace/nupictest/target/generated-sources/annotations
[INFO] Deleting directory /Users/aamarth/Documents/VendorAttributeMappingWorkspace/nupictest/target/generated-sources
[INFO] Deleting directory /Users/aamarth/Documents/VendorAttributeMappingWorkspace/nupictest/target/classes
[INFO] Deleting directory /Users/aamarth/Documents/VendorAttributeMappingWorkspace/nupictest/target
[DEBUG] Skipping non-existing directory /Users/aamarth/Documents/VendorAttributeMappingWorkspace/nupictest/target/classes
[DEBUG] Skipping non-existing directory /Users/aamarth/Documents/VendorAttributeMappingWorkspace/nupictest/target/test-classes
[DEBUG] Skipping non-existing directory /Users/aamarth/Documents/VendorAttributeMappingWorkspace/nupictest/target/site
[INFO] 
[INFO] --- maven-resources-plugin:2.6:resources (default-resources) @ nupictest ---
[DEBUG] Dependency collection stats: {ConflictMarker.analyzeTime=1, ConflictMarker.markTime=0, ConflictMarker.nodeCount=77, ConflictIdSorter.graphTime=0, ConflictIdSorter.topsortTime=0, ConflictIdSorter.conflictIdCount=26, ConflictIdSorter.conflictIdCycleCount=0, ConflictResolver.totalTime=3, ConflictResolver.conflictItemCount=74, DefaultDependencyCollector.collectTime=76, DefaultDependencyCollector.transformTime=4}
[DEBUG] org.apache.maven.plugins:maven-resources-plugin:jar:2.6:
[DEBUG]    org.apache.maven:maven-plugin-api:jar:2.0.6:compile
[DEBUG]    org.apache.maven:maven-project:jar:2.0.6:compile
[DEBUG]       org.apache.maven:maven-profile:jar:2.0.6:compile
[DEBUG]       org.apache.maven:maven-artifact-manager:jar:2.0.6:compile
[DEBUG]       org.apache.maven:maven-plugin-registry:jar:2.0.6:compile
[DEBUG]    org.apache.maven:maven-core:jar:2.0.6:compile
[DEBUG]       org.apache.maven:maven-plugin-parameter-documenter:jar:2.0.6:compile
[DEBUG]       org.apache.maven.reporting:maven-reporting-api:jar:2.0.6:compile
[DEBUG]          org.apache.maven.doxia:doxia-sink-api:jar:1.0-alpha-7:compile
[DEBUG]       org.apache.maven:maven-repository-metadata:jar:2.0.6:compile
[DEBUG]       org.apache.maven:maven-error-diagnostics:jar:2.0.6:compile
[DEBUG]       commons-cli:commons-cli:jar:1.0:compile
[DEBUG]       org.apache.maven:maven-plugin-descriptor:jar:2.0.6:compile
[DEBUG]       org.codehaus.plexus:plexus-interactivity-api:jar:1.0-alpha-4:compile
[DEBUG]       classworlds:classworlds:jar:1.1:compile
[DEBUG]    org.apache.maven:maven-artifact:jar:2.0.6:compile
[DEBUG]    org.apache.maven:maven-settings:jar:2.0.6:compile
[DEBUG]    org.apache.maven:maven-model:jar:2.0.6:compile
[DEBUG]    org.apache.maven:maven-monitor:jar:2.0.6:compile
[DEBUG]    org.codehaus.plexus:plexus-container-default:jar:1.0-alpha-9-stable-1:compile
[DEBUG]       junit:junit:jar:3.8.1:compile
[DEBUG]    org.codehaus.plexus:plexus-utils:jar:2.0.5:compile
[DEBUG]    org.apache.maven.shared:maven-filtering:jar:1.1:compile
[DEBUG]       org.sonatype.plexus:plexus-build-api:jar:0.0.4:compile
[DEBUG]    org.codehaus.plexus:plexus-interpolation:jar:1.13:compile
[DEBUG] Created new class realm plugin>org.apache.maven.plugins:maven-resources-plugin:2.6
[DEBUG] Importing foreign packages into class realm plugin>org.apache.maven.plugins:maven-resources-plugin:2.6
[DEBUG]   Imported:  < maven.api
[DEBUG] Populating class realm plugin>org.apache.maven.plugins:maven-resources-plugin:2.6
[DEBUG]   Included: org.apache.maven.plugins:maven-resources-plugin:jar:2.6
[DEBUG]   Included: org.apache.maven.reporting:maven-reporting-api:jar:2.0.6
[DEBUG]   Included: org.apache.maven.doxia:doxia-sink-api:jar:1.0-alpha-7
[DEBUG]   Included: commons-cli:commons-cli:jar:1.0
[DEBUG]   Included: org.codehaus.plexus:plexus-interactivity-api:jar:1.0-alpha-4
[DEBUG]   Included: junit:junit:jar:3.8.1
[DEBUG]   Included: org.codehaus.plexus:plexus-utils:jar:2.0.5
[DEBUG]   Included: org.apache.maven.shared:maven-filtering:jar:1.1
[DEBUG]   Included: org.sonatype.plexus:plexus-build-api:jar:0.0.4
[DEBUG]   Included: org.codehaus.plexus:plexus-interpolation:jar:1.13
[DEBUG] Configuring mojo org.apache.maven.plugins:maven-resources-plugin:2.6:resources from plugin realm ClassRealm[plugin>org.apache.maven.plugins:maven-resources-plugin:2.6, parent: sun.misc.Launcher$AppClassLoader@5c647e05]
[DEBUG] Configuring mojo 'org.apache.maven.plugins:maven-resources-plugin:2.6:resources' with basic configurator -->
[DEBUG]   (f) buildFilters = []
[DEBUG]   (f) encoding = UTF-8
[DEBUG]   (f) escapeWindowsPaths = true
[DEBUG]   (s) includeEmptyDirs = false
[DEBUG]   (s) outputDirectory = /Users/aamarth/Documents/VendorAttributeMappingWorkspace/nupictest/target/classes
[DEBUG]   (s) overwrite = false
[DEBUG]   (f) project = MavenProject: com.abilash.nupic:nupictest:0.0.1-SNAPSHOT @ /Users/aamarth/Documents/VendorAttributeMappingWorkspace/nupictest/pom.xml
[DEBUG]   (s) resources = [Resource {targetPath: null, filtering: false, FileSet {directory: /Users/aamarth/Documents/VendorAttributeMappingWorkspace/nupictest/src/main/resources, PatternSet [includes: {}, excludes: {}]}}]
[DEBUG]   (f) session = org.apache.maven.execution.MavenSession@63648ee9
[DEBUG]   (f) supportMultiLineFiltering = false
[DEBUG]   (f) useBuildFilters = true
[DEBUG]   (s) useDefaultDelimiters = true
[DEBUG] -- end configuration --
[DEBUG] properties used {java.vendor=Oracle Corporation, sun.java.launcher=SUN_STANDARD, env.XPC_SERVICE_NAME=0, sun.management.compiler=HotSpot 64-Bit Tiered Compilers, env.SECURITYSESSIONID=186a5, env.COLORFGBG=7;0, os.name=Mac OS X, sun.boot.class.path=/Library/Java/JavaVirtualMachines/jdk1.8.0_45.jdk/Contents/Home/jre/lib/resources.jar:/Library/Java/JavaVirtualMachines/jdk1.8.0_45.jdk/Contents/Home/jre/lib/rt.jar:/Library/Java/JavaVirtualMachines/jdk1.8.0_45.jdk/Contents/Home/jre/lib/sunrsasign.jar:/Library/Java/JavaVirtualMachines/jdk1.8.0_45.jdk/Contents/Home/jre/lib/jsse.jar:/Library/Java/JavaVirtualMachines/jdk1.8.0_45.jdk/Contents/Home/jre/lib/jce.jar:/Library/Java/JavaVirtualMachines/jdk1.8.0_45.jdk/Contents/Home/jre/lib/charsets.jar:/Library/Java/JavaVirtualMachines/jdk1.8.0_45.jdk/Contents/Home/jre/lib/jfr.jar:/Library/Java/JavaVirtualMachines/jdk1.8.0_45.jdk/Contents/Home/jre/classes, env.TMPDIR=/var/folders/3k/j3b1lt7n6fz8ybkvw3mwscnwf_4dc6/T/, env.PWD=/Users/aamarth/Documents/VendorAttributeMappingWorkspace/nupictest, env.LANG=en_US.UTF-8, java.vm.specification.vendor=Oracle Corporation, java.runtime.version=1.8.0_45-b14, env.Apple_PubSub_Socket_Render=/private/tmp/com.apple.launchd.A0C8ERoVxR/Render, project.build.sourceEncoding=UTF-8, user.name=aamarth, maven.build.version=Apache Maven 3.3.3 (7994120775791599e205a5524ec3e0dfe41d4a06; 2015-04-22T04:57:37-07:00), env.USER=aamarth, env.SHELL=/bin/bash, env.__CF_USER_TEXT_ENCODING=0x1CA23586:0x0:0x0, env.JAVA_MAIN_CLASS_26724=org.codehaus.plexus.classworlds.launcher.Launcher, env.PATH=/usr/local/bin:/usr/bin:/bin:/usr/sbin:/sbin:/usr/local/git/bin, user.language=en, sun.boot.library.path=/Library/Java/JavaVirtualMachines/jdk1.8.0_45.jdk/Contents/Home/jre/lib, classworlds.conf=/usr/local/Cellar/maven/3.3.3/libexec/bin/m2.conf, env.XPC_FLAGS=0x0, java.version=1.8.0_45, user.timezone=America/Los_Angeles, sun.arch.data.model=64, java.endorsed.dirs=/Library/Java/JavaVirtualMachines/jdk1.8.0_45.jdk/Contents/Home/jre/lib/endorsed, sun.cpu.isalist=, sun.jnu.encoding=UTF-8, env.ITERM_SESSION_ID=w0t3p0, file.encoding.pkg=sun.io, env.SHLVL=1, file.separator=/, java.specification.name=Java Platform API Specification, java.class.version=52.0, org.slf4j.simpleLogger.defaultLogLevel=debug, user.country=US, java.home=/Library/Java/JavaVirtualMachines/jdk1.8.0_45.jdk/Contents/Home/jre, java.vm.info=mixed mode, env.LOGNAME=aamarth, os.version=10.10.4, path.separator=:, java.vm.version=25.45-b02, env.JAVA_HOME=/Library/Java/JavaVirtualMachines/jdk1.8.0_45.jdk/Contents/Home, java.awt.printerjob=sun.lwawt.macosx.CPrinterJob, env.TERM=xterm-256color, sun.io.unicode.encoding=UnicodeBig, awt.toolkit=sun.lwawt.macosx.LWCToolkit, user.home=/Users/aamarth, env.OLDPWD=/Users/aamarth/Documents/VendorAttributeMappingWorkspace/nupictest, java.specification.vendor=Oracle Corporation, env.TERM_PROGRAM=iTerm.app, java.library.path=/Users/aamarth/Library/Java/Extensions:/Library/Java/Extensions:/Network/Library/Java/Extensions:/System/Library/Java/Extensions:/usr/lib/java:., java.vendor.url=http://java.oracle.com/, env.MAVEN_CMD_LINE_ARGS= clean install -X, java.vm.vendor=Oracle Corporation, gopherProxySet=false, maven.home=/usr/local/Cellar/maven/3.3.3/libexec, java.runtime.name=Java(TM) SE Runtime Environment, sun.java.command=org.codehaus.plexus.classworlds.launcher.Launcher clean install -X, java.class.path=/usr/local/Cellar/maven/3.3.3/libexec/boot/plexus-classworlds-2.5.2.jar, maven.version=3.3.3, java.vm.specification.name=Java Virtual Machine Specification, java.vm.specification.version=1.8, sun.cpu.endian=little, sun.os.patch.level=unknown, env.HOME=/Users/aamarth, java.io.tmpdir=/var/folders/3k/j3b1lt7n6fz8ybkvw3mwscnwf_4dc6/T/, java.vendor.url.bug=http://bugreport.sun.com/bugreport/, maven.multiModuleProjectDirectory=/Users/aamarth/Documents/VendorAttributeMappingWorkspace/nupictest, env.SSH_AUTH_SOCK=/private/tmp/com.apple.launchd.PpfPXmFNI6/Listeners, env.COMMAND_MODE=unix2003, os.arch=x86_64, java.awt.graphicsenv=sun.awt.CGraphicsEnvironment, java.ext.dirs=/Users/aamarth/Library/Java/Extensions:/Library/Java/JavaVirtualMachines/jdk1.8.0_45.jdk/Contents/Home/jre/lib/ext:/Library/Java/Extensions:/Network/Library/Java/Extensions:/System/Library/Java/Extensions:/usr/lib/java, user.dir=/Users/aamarth/Documents/VendorAttributeMappingWorkspace/nupictest, line.separator=
, java.vm.name=Java HotSpot(TM) 64-Bit Server VM, env.ITERM_PROFILE=Default, file.encoding=UTF-8, java.specification.version=1.8, env.MAVEN_PROJECTBASEDIR=/Users/aamarth/Documents/VendorAttributeMappingWorkspace/nupictest}
[INFO] Using 'UTF-8' encoding to copy filtered resources.
[DEBUG] resource with targetPath null
directory /Users/aamarth/Documents/VendorAttributeMappingWorkspace/nupictest/src/main/resources
excludes []
includes []
[DEBUG] ignoreDelta true
[INFO] Copying 0 resource
[DEBUG] no use filter components
[INFO] 
[INFO] --- maven-compiler-plugin:3.3:compile (default-compile) @ nupictest ---
[DEBUG] Dependency collection stats: {ConflictMarker.analyzeTime=0, ConflictMarker.markTime=0, ConflictMarker.nodeCount=143, ConflictIdSorter.graphTime=1, ConflictIdSorter.topsortTime=0, ConflictIdSorter.conflictIdCount=44, ConflictIdSorter.conflictIdCycleCount=0, ConflictResolver.totalTime=2, ConflictResolver.conflictItemCount=73, DefaultDependencyCollector.collectTime=123, DefaultDependencyCollector.transformTime=3}
[DEBUG] org.apache.maven.plugins:maven-compiler-plugin:jar:3.3:
[DEBUG]    org.apache.maven:maven-plugin-api:jar:2.2.1:compile
[DEBUG]    org.apache.maven:maven-artifact:jar:2.2.1:compile
[DEBUG]       org.codehaus.plexus:plexus-utils:jar:1.5.15:compile
[DEBUG]    org.apache.maven:maven-core:jar:2.2.1:compile
[DEBUG]       org.apache.maven:maven-settings:jar:2.2.1:compile
[DEBUG]          org.codehaus.plexus:plexus-interpolation:jar:1.11:compile
[DEBUG]       org.apache.maven:maven-plugin-parameter-documenter:jar:2.2.1:compile
[DEBUG]       org.slf4j:slf4j-jdk14:jar:1.5.6:runtime
[DEBUG]          org.slf4j:slf4j-api:jar:1.5.6:runtime
[DEBUG]       org.slf4j:jcl-over-slf4j:jar:1.5.6:runtime
[DEBUG]       org.apache.maven:maven-profile:jar:2.2.1:compile
[DEBUG]       org.apache.maven:maven-model:jar:2.2.1:compile
[DEBUG]       org.apache.maven:maven-repository-metadata:jar:2.2.1:compile
[DEBUG]       org.apache.maven:maven-error-diagnostics:jar:2.2.1:compile
[DEBUG]       org.apache.maven:maven-project:jar:2.2.1:compile
[DEBUG]          org.apache.maven:maven-plugin-registry:jar:2.2.1:compile
[DEBUG]       org.apache.maven:maven-plugin-descriptor:jar:2.2.1:compile
[DEBUG]       org.apache.maven:maven-artifact-manager:jar:2.2.1:compile
[DEBUG]          backport-util-concurrent:backport-util-concurrent:jar:3.1:compile
[DEBUG]       org.apache.maven:maven-monitor:jar:2.2.1:compile
[DEBUG]       org.sonatype.plexus:plexus-sec-dispatcher:jar:1.3:compile
[DEBUG]          org.sonatype.plexus:plexus-cipher:jar:1.4:compile
[DEBUG]    org.apache.maven:maven-toolchain:jar:2.2.1:compile
[DEBUG]    org.apache.maven.shared:maven-shared-utils:jar:0.7:compile
[DEBUG]       com.google.code.findbugs:jsr305:jar:2.0.1:compile
[DEBUG]    org.apache.maven.shared:maven-shared-incremental:jar:1.1:compile
[DEBUG]       org.codehaus.plexus:plexus-component-annotations:jar:1.5.5:compile
[DEBUG]    org.codehaus.plexus:plexus-compiler-api:jar:2.5:compile
[DEBUG]    org.codehaus.plexus:plexus-compiler-manager:jar:2.5:compile
[DEBUG]    org.codehaus.plexus:plexus-compiler-javac:jar:2.5:runtime
[DEBUG]    org.codehaus.plexus:plexus-container-default:jar:1.5.5:compile
[DEBUG]       org.codehaus.plexus:plexus-classworlds:jar:2.2.2:compile
[DEBUG]       org.apache.xbean:xbean-reflect:jar:3.4:compile
[DEBUG]          log4j:log4j:jar:1.2.12:compile
[DEBUG]          commons-logging:commons-logging-api:jar:1.1:compile
[DEBUG]       com.google.collections:google-collections:jar:1.0:compile
[DEBUG]       junit:junit:jar:3.8.2:compile
[DEBUG] Created new class realm plugin>org.apache.maven.plugins:maven-compiler-plugin:3.3
[DEBUG] Importing foreign packages into class realm plugin>org.apache.maven.plugins:maven-compiler-plugin:3.3
[DEBUG]   Imported:  < maven.api
[DEBUG] Populating class realm plugin>org.apache.maven.plugins:maven-compiler-plugin:3.3
[DEBUG]   Included: org.apache.maven.plugins:maven-compiler-plugin:jar:3.3
[DEBUG]   Included: org.codehaus.plexus:plexus-utils:jar:1.5.15
[DEBUG]   Included: org.codehaus.plexus:plexus-interpolation:jar:1.11
[DEBUG]   Included: org.slf4j:slf4j-jdk14:jar:1.5.6
[DEBUG]   Included: org.slf4j:jcl-over-slf4j:jar:1.5.6
[DEBUG]   Included: backport-util-concurrent:backport-util-concurrent:jar:3.1
[DEBUG]   Included: org.sonatype.plexus:plexus-sec-dispatcher:jar:1.3
[DEBUG]   Included: org.sonatype.plexus:plexus-cipher:jar:1.4
[DEBUG]   Included: org.apache.maven.shared:maven-shared-utils:jar:0.7
[DEBUG]   Included: com.google.code.findbugs:jsr305:jar:2.0.1
[DEBUG]   Included: org.apache.maven.shared:maven-shared-incremental:jar:1.1
[DEBUG]   Included: org.codehaus.plexus:plexus-component-annotations:jar:1.5.5
[DEBUG]   Included: org.codehaus.plexus:plexus-compiler-api:jar:2.5
[DEBUG]   Included: org.codehaus.plexus:plexus-compiler-manager:jar:2.5
[DEBUG]   Included: org.codehaus.plexus:plexus-compiler-javac:jar:2.5
[DEBUG]   Included: org.apache.xbean:xbean-reflect:jar:3.4
[DEBUG]   Included: log4j:log4j:jar:1.2.12
[DEBUG]   Included: commons-logging:commons-logging-api:jar:1.1
[DEBUG]   Included: com.google.collections:google-collections:jar:1.0
[DEBUG]   Included: junit:junit:jar:3.8.2
[DEBUG] Configuring mojo org.apache.maven.plugins:maven-compiler-plugin:3.3:compile from plugin realm ClassRealm[plugin>org.apache.maven.plugins:maven-compiler-plugin:3.3, parent: sun.misc.Launcher$AppClassLoader@5c647e05]
[DEBUG] Configuring mojo 'org.apache.maven.plugins:maven-compiler-plugin:3.3:compile' with basic configurator -->
[DEBUG]   (f) basedir = /Users/aamarth/Documents/VendorAttributeMappingWorkspace/nupictest
[DEBUG]   (f) buildDirectory = /Users/aamarth/Documents/VendorAttributeMappingWorkspace/nupictest/target
[DEBUG]   (f) classpathElements = [/Users/aamarth/Documents/VendorAttributeMappingWorkspace/nupictest/target/classes, /Users/aamarth/.m2/repository/org/numenta/htm.java/0.5.2/htm.java-0.5.2.jar]
[DEBUG]   (f) compileSourceRoots = [/Users/aamarth/Documents/VendorAttributeMappingWorkspace/nupictest/src/main/java]
[DEBUG]   (f) compilerId = javac
[DEBUG]   (f) debug = true
[DEBUG]   (f) encoding = UTF-8
[DEBUG]   (f) failOnError = true
[DEBUG]   (f) forceJavacCompilerUse = false
[DEBUG]   (f) fork = false
[DEBUG]   (f) generatedSourcesDirectory = /Users/aamarth/Documents/VendorAttributeMappingWorkspace/nupictest/target/generated-sources/annotations
[DEBUG]   (f) mojoExecution = org.apache.maven.plugins:maven-compiler-plugin:3.3:compile {execution: default-compile}
[DEBUG]   (f) optimize = false
[DEBUG]   (f) outputDirectory = /Users/aamarth/Documents/VendorAttributeMappingWorkspace/nupictest/target/classes
[DEBUG]   (f) project = MavenProject: com.abilash.nupic:nupictest:0.0.1-SNAPSHOT @ /Users/aamarth/Documents/VendorAttributeMappingWorkspace/nupictest/pom.xml
[DEBUG]   (f) projectArtifact = com.abilash.nupic:nupictest:jar:0.0.1-SNAPSHOT
[DEBUG]   (f) session = org.apache.maven.execution.MavenSession@63648ee9
[DEBUG]   (f) showDeprecation = false
[DEBUG]   (f) showWarnings = false
[DEBUG]   (f) skipMultiThreadWarning = false
[DEBUG]   (f) source = 1.8
[DEBUG]   (f) staleMillis = 0
[DEBUG]   (f) target = 1.8
[DEBUG]   (f) useIncrementalCompilation = true
[DEBUG]   (f) verbose = false
[DEBUG] -- end configuration --
[DEBUG] Using compiler 'javac'.
[DEBUG] Source directories: [/Users/aamarth/Documents/VendorAttributeMappingWorkspace/nupictest/src/main/java]
[DEBUG] Classpath: [/Users/aamarth/Documents/VendorAttributeMappingWorkspace/nupictest/target/classes
 /Users/aamarth/.m2/repository/org/numenta/htm.java/0.5.2/htm.java-0.5.2.jar]
[DEBUG] Output directory: /Users/aamarth/Documents/VendorAttributeMappingWorkspace/nupictest/target/classes
[DEBUG] Adding /Users/aamarth/Documents/VendorAttributeMappingWorkspace/nupictest/target/generated-sources/annotations to compile source roots:
  /Users/aamarth/Documents/VendorAttributeMappingWorkspace/nupictest/src/main/java
[DEBUG] New compile source roots:
  /Users/aamarth/Documents/VendorAttributeMappingWorkspace/nupictest/src/main/java
  /Users/aamarth/Documents/VendorAttributeMappingWorkspace/nupictest/target/generated-sources/annotations
[DEBUG] CompilerReuseStrategy: reuseCreated
[DEBUG] useIncrementalCompilation enabled
[DEBUG] Stale source detected: /Users/aamarth/Documents/VendorAttributeMappingWorkspace/nupictest/src/main/java/comwalmartlabs/warth/nupictest/NupicSuggestions.java
[DEBUG] Stale source detected: /Users/aamarth/Documents/VendorAttributeMappingWorkspace/nupictest/src/main/java/comwalmartlabs/warth/nupictest/App.java
[INFO] Changes detected - recompiling the module!
[DEBUG] Classpath:
[DEBUG]  /Users/aamarth/Documents/VendorAttributeMappingWorkspace/nupictest/target/classes
[DEBUG]  /Users/aamarth/.m2/repository/org/numenta/htm.java/0.5.2/htm.java-0.5.2.jar
[DEBUG] Source roots:
[DEBUG]  /Users/aamarth/Documents/VendorAttributeMappingWorkspace/nupictest/src/main/java
[DEBUG]  /Users/aamarth/Documents/VendorAttributeMappingWorkspace/nupictest/target/generated-sources/annotations
[DEBUG] Command line options:
[DEBUG] -d /Users/aamarth/Documents/VendorAttributeMappingWorkspace/nupictest/target/classes -classpath /Users/aamarth/Documents/VendorAttributeMappingWorkspace/nupictest/target/classes:/Users/aamarth/.m2/repository/org/numenta/htm.java/0.5.2/htm.java-0.5.2.jar: -sourcepath /Users/aamarth/Documents/VendorAttributeMappingWorkspace/nupictest/src/main/java:/Users/aamarth/Documents/VendorAttributeMappingWorkspace/nupictest/target/generated-sources/annotations: -s /Users/aamarth/Documents/VendorAttributeMappingWorkspace/nupictest/target/generated-sources/annotations -g -nowarn -target 1.8 -source 1.8 -encoding UTF-8
[DEBUG] incrementalBuildHelper#beforeRebuildExecution
[INFO] Compiling 2 source files to /Users/aamarth/Documents/VendorAttributeMappingWorkspace/nupictest/target/classes
[DEBUG] incrementalBuildHelper#afterRebuildExecution
[INFO] -------------------------------------------------------------
[ERROR] COMPILATION ERROR : 
[INFO] -------------------------------------------------------------
[ERROR] /Users/aamarth/Documents/VendorAttributeMappingWorkspace/nupictest/src/main/java/comwalmartlabs/warth/nupictest/NupicSuggestions.java:[3,30] package io.cortical.rest.model does not exist
[ERROR] /Users/aamarth/Documents/VendorAttributeMappingWorkspace/nupictest/src/main/java/comwalmartlabs/warth/nupictest/NupicSuggestions.java:[4,30] package io.cortical.rest.model does not exist
[ERROR] /Users/aamarth/Documents/VendorAttributeMappingWorkspace/nupictest/src/main/java/comwalmartlabs/warth/nupictest/NupicSuggestions.java:[5,28] package io.cortical.services does not exist
[ERROR] /Users/aamarth/Documents/VendorAttributeMappingWorkspace/nupictest/src/main/java/comwalmartlabs/warth/nupictest/NupicSuggestions.java:[6,28] package io.cortical.services does not exist
[ERROR] /Users/aamarth/Documents/VendorAttributeMappingWorkspace/nupictest/src/main/java/comwalmartlabs/warth/nupictest/NupicSuggestions.java:[7,28] package io.cortical.services does not exist
[ERROR] /Users/aamarth/Documents/VendorAttributeMappingWorkspace/nupictest/src/main/java/comwalmartlabs/warth/nupictest/NupicSuggestions.java:[8,39] package io.cortical.services.api.client does not exist
[ERROR] /Users/aamarth/Documents/VendorAttributeMappingWorkspace/nupictest/src/main/java/comwalmartlabs/warth/nupictest/NupicSuggestions.java:[31,17] package org.slf4j does not exist
[ERROR] /Users/aamarth/Documents/VendorAttributeMappingWorkspace/nupictest/src/main/java/comwalmartlabs/warth/nupictest/NupicSuggestions.java:[32,17] package org.slf4j does not exist
[ERROR] /Users/aamarth/Documents/VendorAttributeMappingWorkspace/nupictest/src/main/java/comwalmartlabs/warth/nupictest/NupicSuggestions.java:[34,34] package com.fasterxml.jackson.core does not exist
[ERROR] /Users/aamarth/Documents/VendorAttributeMappingWorkspace/nupictest/src/main/java/comwalmartlabs/warth/nupictest/NupicSuggestions.java:[35,38] package com.fasterxml.jackson.databind does not exist
[ERROR] /Users/aamarth/Documents/VendorAttributeMappingWorkspace/nupictest/src/main/java/comwalmartlabs/warth/nupictest/NupicSuggestions.java:[39,30] cannot find symbol
  symbol:   class Logger
  location: class comwalmartlabs.warth.nupictest.NupicSuggestions
[ERROR] /Users/aamarth/Documents/VendorAttributeMappingWorkspace/nupictest/src/main/java/comwalmartlabs/warth/nupictest/NupicSuggestions.java:[49,13] cannot find symbol
  symbol:   class Terms
  location: class comwalmartlabs.warth.nupictest.NupicSuggestions
[ERROR] /Users/aamarth/Documents/VendorAttributeMappingWorkspace/nupictest/src/main/java/comwalmartlabs/warth/nupictest/NupicSuggestions.java:[50,13] cannot find symbol
  symbol:   class Expressions
  location: class comwalmartlabs.warth.nupictest.NupicSuggestions
[ERROR] /Users/aamarth/Documents/VendorAttributeMappingWorkspace/nupictest/src/main/java/comwalmartlabs/warth/nupictest/NupicSuggestions.java:[54,25] cannot find symbol
  symbol:   class Term
  location: class comwalmartlabs.warth.nupictest.NupicSuggestions
[ERROR] /Users/aamarth/Documents/VendorAttributeMappingWorkspace/nupictest/src/main/java/comwalmartlabs/warth/nupictest/NupicSuggestions.java:[80,55] cannot find symbol
  symbol:   class JsonProcessingException
  location: class comwalmartlabs.warth.nupictest.NupicSuggestions
[ERROR] /Users/aamarth/Documents/VendorAttributeMappingWorkspace/nupictest/src/main/java/comwalmartlabs/warth/nupictest/NupicSuggestions.java:[160,35] cannot find symbol
  symbol:   class Term
  location: class comwalmartlabs.warth.nupictest.NupicSuggestions
[ERROR] /Users/aamarth/Documents/VendorAttributeMappingWorkspace/nupictest/src/main/java/comwalmartlabs/warth/nupictest/NupicSuggestions.java:[214,5] cannot find symbol
  symbol:   class Term
  location: class comwalmartlabs.warth.nupictest.NupicSuggestions
[ERROR] /Users/aamarth/Documents/VendorAttributeMappingWorkspace/nupictest/src/main/java/comwalmartlabs/warth/nupictest/NupicSuggestions.java:[234,5] cannot find symbol
  symbol:   class Term
  location: class comwalmartlabs.warth.nupictest.NupicSuggestions
[ERROR] /Users/aamarth/Documents/VendorAttributeMappingWorkspace/nupictest/src/main/java/comwalmartlabs/warth/nupictest/NupicSuggestions.java:[273,32] cannot find symbol
  symbol:   class Fingerprint
  location: class comwalmartlabs.warth.nupictest.NupicSuggestions
[ERROR] /Users/aamarth/Documents/VendorAttributeMappingWorkspace/nupictest/src/main/java/comwalmartlabs/warth/nupictest/NupicSuggestions.java:[273,10] cannot find symbol
  symbol:   class Term
  location: class comwalmartlabs.warth.nupictest.NupicSuggestions
[ERROR] /Users/aamarth/Documents/VendorAttributeMappingWorkspace/nupictest/src/main/java/comwalmartlabs/warth/nupictest/NupicSuggestions.java:[273,55] cannot find symbol
  symbol:   class ApiException
  location: class comwalmartlabs.warth.nupictest.NupicSuggestions
[ERROR] /Users/aamarth/Documents/VendorAttributeMappingWorkspace/nupictest/src/main/java/comwalmartlabs/warth/nupictest/NupicSuggestions.java:[273,69] cannot find symbol
  symbol:   class JsonProcessingException
  location: class comwalmartlabs.warth.nupictest.NupicSuggestions
[ERROR] /Users/aamarth/Documents/VendorAttributeMappingWorkspace/nupictest/src/main/java/comwalmartlabs/warth/nupictest/NupicSuggestions.java:[295,29] cannot find symbol
  symbol:   class Fingerprint
  location: class comwalmartlabs.warth.nupictest.NupicSuggestions
[ERROR] /Users/aamarth/Documents/VendorAttributeMappingWorkspace/nupictest/src/main/java/comwalmartlabs/warth/nupictest/NupicSuggestions.java:[305,5] cannot find symbol
  symbol:   class Fingerprint
  location: class comwalmartlabs.warth.nupictest.NupicSuggestions
[ERROR] /Users/aamarth/Documents/VendorAttributeMappingWorkspace/nupictest/src/main/java/comwalmartlabs/warth/nupictest/NupicSuggestions.java:[335,10] cannot find symbol
  symbol:   class Term
  location: class comwalmartlabs.warth.nupictest.NupicSuggestions
[ERROR] /Users/aamarth/Documents/VendorAttributeMappingWorkspace/nupictest/src/main/java/comwalmartlabs/warth/nupictest/NupicSuggestions.java:[335,74] cannot find symbol
  symbol:   class ApiException
  location: class comwalmartlabs.warth.nupictest.NupicSuggestions
[ERROR] /Users/aamarth/Documents/VendorAttributeMappingWorkspace/nupictest/src/main/java/comwalmartlabs/warth/nupictest/NupicSuggestions.java:[335,88] cannot find symbol
  symbol:   class JsonProcessingException
  location: class comwalmartlabs.warth.nupictest.NupicSuggestions
[ERROR] /Users/aamarth/Documents/VendorAttributeMappingWorkspace/nupictest/src/main/java/comwalmartlabs/warth/nupictest/NupicSuggestions.java:[376,17] cannot find symbol
  symbol:   class Term
  location: class comwalmartlabs.warth.nupictest.NupicSuggestions
[ERROR] /Users/aamarth/Documents/VendorAttributeMappingWorkspace/nupictest/src/main/java/comwalmartlabs/warth/nupictest/NupicSuggestions.java:[39,46] cannot find symbol
  symbol:   variable LoggerFactory
  location: class comwalmartlabs.warth.nupictest.NupicSuggestions
[ERROR] /Users/aamarth/Documents/VendorAttributeMappingWorkspace/nupictest/src/main/java/comwalmartlabs/warth/nupictest/NupicSuggestions.java:[75,21] cannot access rx.functions.Func1
  class file for rx.functions.Func1 not found
[ERROR] /Users/aamarth/Documents/VendorAttributeMappingWorkspace/nupictest/src/main/java/comwalmartlabs/warth/nupictest/NupicSuggestions.java:[91,17] cannot find symbol
  symbol:   class Term
  location: class comwalmartlabs.warth.nupictest.NupicSuggestions
[ERROR] /Users/aamarth/Documents/VendorAttributeMappingWorkspace/nupictest/src/main/java/comwalmartlabs/warth/nupictest/NupicSuggestions.java:[95,17] cannot find symbol
  symbol:   class Term
  location: class comwalmartlabs.warth.nupictest.NupicSuggestions
[ERROR] /Users/aamarth/Documents/VendorAttributeMappingWorkspace/nupictest/src/main/java/comwalmartlabs/warth/nupictest/NupicSuggestions.java:[99,17] cannot find symbol
  symbol:   class Term
  location: class comwalmartlabs.warth.nupictest.NupicSuggestions
[ERROR] /Users/aamarth/Documents/VendorAttributeMappingWorkspace/nupictest/src/main/java/comwalmartlabs/warth/nupictest/NupicSuggestions.java:[161,9] cannot find symbol
  symbol:   class Fingerprint
  location: class comwalmartlabs.warth.nupictest.NupicSuggestions
[ERROR] /Users/aamarth/Documents/VendorAttributeMappingWorkspace/nupictest/src/main/java/comwalmartlabs/warth/nupictest/NupicSuggestions.java:[221,9] cannot find symbol
  symbol:   class Term
  location: class comwalmartlabs.warth.nupictest.NupicSuggestions
[ERROR] /Users/aamarth/Documents/VendorAttributeMappingWorkspace/nupictest/src/main/java/comwalmartlabs/warth/nupictest/NupicSuggestions.java:[235,9] cannot find symbol
  symbol:   class Fingerprint
  location: class comwalmartlabs.warth.nupictest.NupicSuggestions
[ERROR] /Users/aamarth/Documents/VendorAttributeMappingWorkspace/nupictest/src/main/java/comwalmartlabs/warth/nupictest/NupicSuggestions.java:[235,30] cannot find symbol
  symbol:   class Fingerprint
  location: class comwalmartlabs.warth.nupictest.NupicSuggestions
[ERROR] /Users/aamarth/Documents/VendorAttributeMappingWorkspace/nupictest/src/main/java/comwalmartlabs/warth/nupictest/NupicSuggestions.java:[237,18] cannot find symbol
  symbol:   class Term
  location: class comwalmartlabs.warth.nupictest.NupicSuggestions
[ERROR] /Users/aamarth/Documents/VendorAttributeMappingWorkspace/nupictest/src/main/java/comwalmartlabs/warth/nupictest/NupicSuggestions.java:[246,13] cannot find symbol
  symbol:   class Term
  location: class comwalmartlabs.warth.nupictest.NupicSuggestions
[ERROR] /Users/aamarth/Documents/VendorAttributeMappingWorkspace/nupictest/src/main/java/comwalmartlabs/warth/nupictest/NupicSuggestions.java:[307,13] cannot find symbol
  symbol:   class Term
  location: class comwalmartlabs.warth.nupictest.NupicSuggestions
[ERROR] /Users/aamarth/Documents/VendorAttributeMappingWorkspace/nupictest/src/main/java/comwalmartlabs/warth/nupictest/NupicSuggestions.java:[416,9] cannot find symbol
  symbol:   class ObjectMapper
  location: class comwalmartlabs.warth.nupictest.NupicSuggestions
[ERROR] /Users/aamarth/Documents/VendorAttributeMappingWorkspace/nupictest/src/main/java/comwalmartlabs/warth/nupictest/NupicSuggestions.java:[416,35] cannot find symbol
  symbol:   class ObjectMapper
  location: class comwalmartlabs.warth.nupictest.NupicSuggestions
[ERROR] /Users/aamarth/Documents/VendorAttributeMappingWorkspace/nupictest/src/main/java/comwalmartlabs/warth/nupictest/NupicSuggestions.java:[417,14] cannot find symbol
  symbol:   class Term
  location: class comwalmartlabs.warth.nupictest.NupicSuggestions
[ERROR] /Users/aamarth/Documents/VendorAttributeMappingWorkspace/nupictest/src/main/java/comwalmartlabs/warth/nupictest/NupicSuggestions.java:[419,58] cannot find symbol
  symbol:   class Term
  location: class comwalmartlabs.warth.nupictest.NupicSuggestions
[ERROR] /Users/aamarth/Documents/VendorAttributeMappingWorkspace/nupictest/src/main/java/comwalmartlabs/warth/nupictest/NupicSuggestions.java:[427,13] cannot find symbol
  symbol:   class Term
  location: class comwalmartlabs.warth.nupictest.NupicSuggestions
[ERROR] /Users/aamarth/Documents/VendorAttributeMappingWorkspace/nupictest/src/main/java/comwalmartlabs/warth/nupictest/NupicSuggestions.java:[444,26] cannot find symbol
  symbol:   class Term
  location: class comwalmartlabs.warth.nupictest.NupicSuggestions
[ERROR] /Users/aamarth/Documents/VendorAttributeMappingWorkspace/nupictest/src/main/java/comwalmartlabs/warth/nupictest/NupicSuggestions.java:[445,17] cannot find symbol
  symbol:   class Term
  location: class comwalmartlabs.warth.nupictest.NupicSuggestions
[ERROR] /Users/aamarth/Documents/VendorAttributeMappingWorkspace/nupictest/src/main/java/comwalmartlabs/warth/nupictest/NupicSuggestions.java:[446,34] cannot find symbol
  symbol:   variable Term
  location: class comwalmartlabs.warth.nupictest.NupicSuggestions
[ERROR] /Users/aamarth/Documents/VendorAttributeMappingWorkspace/nupictest/src/main/java/comwalmartlabs/warth/nupictest/NupicSuggestions.java:[496,13] cannot find symbol
  symbol:   class RetinaApis
  location: class comwalmartlabs.warth.nupictest.NupicSuggestions
[ERROR] /Users/aamarth/Documents/VendorAttributeMappingWorkspace/nupictest/src/main/java/comwalmartlabs/warth/nupictest/NupicSuggestions.java:[496,33] cannot find symbol
  symbol:   class RetinaApis
  location: class comwalmartlabs.warth.nupictest.NupicSuggestions
[INFO] 50 errors 
[INFO] -------------------------------------------------------------
[INFO] ------------------------------------------------------------------------
[INFO] BUILD FAILURE
[INFO] ------------------------------------------------------------------------
[INFO] Total time: 1.141 s
[INFO] Finished at: 2015-08-11T20:41:47-07:00
[INFO] Final Memory: 13M/212M
[INFO] ------------------------------------------------------------------------
[ERROR] Failed to execute goal org.apache.maven.plugins:maven-compiler-plugin:3.3:compile (default-compile) on project nupictest: Compilation failure: Compilation failure:
[ERROR] /Users/aamarth/Documents/VendorAttributeMappingWorkspace/nupictest/src/main/java/comwalmartlabs/warth/nupictest/NupicSuggestions.java:[3,30] package io.cortical.rest.model does not exist
[ERROR] /Users/aamarth/Documents/VendorAttributeMappingWorkspace/nupictest/src/main/java/comwalmartlabs/warth/nupictest/NupicSuggestions.java:[4,30] package io.cortical.rest.model does not exist
[ERROR] /Users/aamarth/Documents/VendorAttributeMappingWorkspace/nupictest/src/main/java/comwalmartlabs/warth/nupictest/NupicSuggestions.java:[5,28] package io.cortical.services does not exist
[ERROR] /Users/aamarth/Documents/VendorAttributeMappingWorkspace/nupictest/src/main/java/comwalmartlabs/warth/nupictest/NupicSuggestions.java:[6,28] package io.cortical.services does not exist
[ERROR] /Users/aamarth/Documents/VendorAttributeMappingWorkspace/nupictest/src/main/java/comwalmartlabs/warth/nupictest/NupicSuggestions.java:[7,28] package io.cortical.services does not exist
[ERROR] /Users/aamarth/Documents/VendorAttributeMappingWorkspace/nupictest/src/main/java/comwalmartlabs/warth/nupictest/NupicSuggestions.java:[8,39] package io.cortical.services.api.client does not exist
[ERROR] /Users/aamarth/Documents/VendorAttributeMappingWorkspace/nupictest/src/main/java/comwalmartlabs/warth/nupictest/NupicSuggestions.java:[31,17] package org.slf4j does not exist
[ERROR] /Users/aamarth/Documents/VendorAttributeMappingWorkspace/nupictest/src/main/java/comwalmartlabs/warth/nupictest/NupicSuggestions.java:[32,17] package org.slf4j does not exist
[ERROR] /Users/aamarth/Documents/VendorAttributeMappingWorkspace/nupictest/src/main/java/comwalmartlabs/warth/nupictest/NupicSuggestions.java:[34,34] package com.fasterxml.jackson.core does not exist
[ERROR] /Users/aamarth/Documents/VendorAttributeMappingWorkspace/nupictest/src/main/java/comwalmartlabs/warth/nupictest/NupicSuggestions.java:[35,38] package com.fasterxml.jackson.databind does not exist
[ERROR] /Users/aamarth/Documents/VendorAttributeMappingWorkspace/nupictest/src/main/java/comwalmartlabs/warth/nupictest/NupicSuggestions.java:[39,30] cannot find symbol
[ERROR] symbol:   class Logger
[ERROR] location: class comwalmartlabs.warth.nupictest.NupicSuggestions
[ERROR] /Users/aamarth/Documents/VendorAttributeMappingWorkspace/nupictest/src/main/java/comwalmartlabs/warth/nupictest/NupicSuggestions.java:[49,13] cannot find symbol
[ERROR] symbol:   class Terms
[ERROR] location: class comwalmartlabs.warth.nupictest.NupicSuggestions
[ERROR] /Users/aamarth/Documents/VendorAttributeMappingWorkspace/nupictest/src/main/java/comwalmartlabs/warth/nupictest/NupicSuggestions.java:[50,13] cannot find symbol
[ERROR] symbol:   class Expressions
[ERROR] location: class comwalmartlabs.warth.nupictest.NupicSuggestions
[ERROR] /Users/aamarth/Documents/VendorAttributeMappingWorkspace/nupictest/src/main/java/comwalmartlabs/warth/nupictest/NupicSuggestions.java:[54,25] cannot find symbol
[ERROR] symbol:   class Term
[ERROR] location: class comwalmartlabs.warth.nupictest.NupicSuggestions
[ERROR] /Users/aamarth/Documents/VendorAttributeMappingWorkspace/nupictest/src/main/java/comwalmartlabs/warth/nupictest/NupicSuggestions.java:[80,55] cannot find symbol
[ERROR] symbol:   class JsonProcessingException
[ERROR] location: class comwalmartlabs.warth.nupictest.NupicSuggestions
[ERROR] /Users/aamarth/Documents/VendorAttributeMappingWorkspace/nupictest/src/main/java/comwalmartlabs/warth/nupictest/NupicSuggestions.java:[160,35] cannot find symbol
[ERROR] symbol:   class Term
[ERROR] location: class comwalmartlabs.warth.nupictest.NupicSuggestions
[ERROR] /Users/aamarth/Documents/VendorAttributeMappingWorkspace/nupictest/src/main/java/comwalmartlabs/warth/nupictest/NupicSuggestions.java:[214,5] cannot find symbol
[ERROR] symbol:   class Term
[ERROR] location: class comwalmartlabs.warth.nupictest.NupicSuggestions
[ERROR] /Users/aamarth/Documents/VendorAttributeMappingWorkspace/nupictest/src/main/java/comwalmartlabs/warth/nupictest/NupicSuggestions.java:[234,5] cannot find symbol
[ERROR] symbol:   class Term
[ERROR] location: class comwalmartlabs.warth.nupictest.NupicSuggestions
[ERROR] /Users/aamarth/Documents/VendorAttributeMappingWorkspace/nupictest/src/main/java/comwalmartlabs/warth/nupictest/NupicSuggestions.java:[273,32] cannot find symbol
[ERROR] symbol:   class Fingerprint
[ERROR] location: class comwalmartlabs.warth.nupictest.NupicSuggestions
[ERROR] /Users/aamarth/Documents/VendorAttributeMappingWorkspace/nupictest/src/main/java/comwalmartlabs/warth/nupictest/NupicSuggestions.java:[273,10] cannot find symbol
[ERROR] symbol:   class Term
[ERROR] location: class comwalmartlabs.warth.nupictest.NupicSuggestions
[ERROR] /Users/aamarth/Documents/VendorAttributeMappingWorkspace/nupictest/src/main/java/comwalmartlabs/warth/nupictest/NupicSuggestions.java:[273,55] cannot find symbol
[ERROR] symbol:   class ApiException
[ERROR] location: class comwalmartlabs.warth.nupictest.NupicSuggestions
[ERROR] /Users/aamarth/Documents/VendorAttributeMappingWorkspace/nupictest/src/main/java/comwalmartlabs/warth/nupictest/NupicSuggestions.java:[273,69] cannot find symbol
[ERROR] symbol:   class JsonProcessingException
[ERROR] location: class comwalmartlabs.warth.nupictest.NupicSuggestions
[ERROR] /Users/aamarth/Documents/VendorAttributeMappingWorkspace/nupictest/src/main/java/comwalmartlabs/warth/nupictest/NupicSuggestions.java:[295,29] cannot find symbol
[ERROR] symbol:   class Fingerprint
[ERROR] location: class comwalmartlabs.warth.nupictest.NupicSuggestions
[ERROR] /Users/aamarth/Documents/VendorAttributeMappingWorkspace/nupictest/src/main/java/comwalmartlabs/warth/nupictest/NupicSuggestions.java:[305,5] cannot find symbol
[ERROR] symbol:   class Fingerprint
[ERROR] location: class comwalmartlabs.warth.nupictest.NupicSuggestions
[ERROR] /Users/aamarth/Documents/VendorAttributeMappingWorkspace/nupictest/src/main/java/comwalmartlabs/warth/nupictest/NupicSuggestions.java:[335,10] cannot find symbol
[ERROR] symbol:   class Term
[ERROR] location: class comwalmartlabs.warth.nupictest.NupicSuggestions
[ERROR] /Users/aamarth/Documents/VendorAttributeMappingWorkspace/nupictest/src/main/java/comwalmartlabs/warth/nupictest/NupicSuggestions.java:[335,74] cannot find symbol
[ERROR] symbol:   class ApiException
[ERROR] location: class comwalmartlabs.warth.nupictest.NupicSuggestions
[ERROR] /Users/aamarth/Documents/VendorAttributeMappingWorkspace/nupictest/src/main/java/comwalmartlabs/warth/nupictest/NupicSuggestions.java:[335,88] cannot find symbol
[ERROR] symbol:   class JsonProcessingException
[ERROR] location: class comwalmartlabs.warth.nupictest.NupicSuggestions
[ERROR] /Users/aamarth/Documents/VendorAttributeMappingWorkspace/nupictest/src/main/java/comwalmartlabs/warth/nupictest/NupicSuggestions.java:[376,17] cannot find symbol
[ERROR] symbol:   class Term
[ERROR] location: class comwalmartlabs.warth.nupictest.NupicSuggestions
[ERROR] /Users/aamarth/Documents/VendorAttributeMappingWorkspace/nupictest/src/main/java/comwalmartlabs/warth/nupictest/NupicSuggestions.java:[39,46] cannot find symbol
[ERROR] symbol:   variable LoggerFactory
[ERROR] location: class comwalmartlabs.warth.nupictest.NupicSuggestions
[ERROR] /Users/aamarth/Documents/VendorAttributeMappingWorkspace/nupictest/src/main/java/comwalmartlabs/warth/nupictest/NupicSuggestions.java:[75,21] cannot access rx.functions.Func1
[ERROR] class file for rx.functions.Func1 not found
[ERROR] /Users/aamarth/Documents/VendorAttributeMappingWorkspace/nupictest/src/main/java/comwalmartlabs/warth/nupictest/NupicSuggestions.java:[91,17] cannot find symbol
[ERROR] symbol:   class Term
[ERROR] location: class comwalmartlabs.warth.nupictest.NupicSuggestions
[ERROR] /Users/aamarth/Documents/VendorAttributeMappingWorkspace/nupictest/src/main/java/comwalmartlabs/warth/nupictest/NupicSuggestions.java:[95,17] cannot find symbol
[ERROR] symbol:   class Term
[ERROR] location: class comwalmartlabs.warth.nupictest.NupicSuggestions
[ERROR] /Users/aamarth/Documents/VendorAttributeMappingWorkspace/nupictest/src/main/java/comwalmartlabs/warth/nupictest/NupicSuggestions.java:[99,17] cannot find symbol
[ERROR] symbol:   class Term
[ERROR] location: class comwalmartlabs.warth.nupictest.NupicSuggestions
[ERROR] /Users/aamarth/Documents/VendorAttributeMappingWorkspace/nupictest/src/main/java/comwalmartlabs/warth/nupictest/NupicSuggestions.java:[161,9] cannot find symbol
[ERROR] symbol:   class Fingerprint
[ERROR] location: class comwalmartlabs.warth.nupictest.NupicSuggestions
[ERROR] /Users/aamarth/Documents/VendorAttributeMappingWorkspace/nupictest/src/main/java/comwalmartlabs/warth/nupictest/NupicSuggestions.java:[221,9] cannot find symbol
[ERROR] symbol:   class Term
[ERROR] location: class comwalmartlabs.warth.nupictest.NupicSuggestions
[ERROR] /Users/aamarth/Documents/VendorAttributeMappingWorkspace/nupictest/src/main/java/comwalmartlabs/warth/nupictest/NupicSuggestions.java:[235,9] cannot find symbol
[ERROR] symbol:   class Fingerprint
[ERROR] location: class comwalmartlabs.warth.nupictest.NupicSuggestions
[ERROR] /Users/aamarth/Documents/VendorAttributeMappingWorkspace/nupictest/src/main/java/comwalmartlabs/warth/nupictest/NupicSuggestions.java:[235,30] cannot find symbol
[ERROR] symbol:   class Fingerprint
[ERROR] location: class comwalmartlabs.warth.nupictest.NupicSuggestions
[ERROR] /Users/aamarth/Documents/VendorAttributeMappingWorkspace/nupictest/src/main/java/comwalmartlabs/warth/nupictest/NupicSuggestions.java:[237,18] cannot find symbol
[ERROR] symbol:   class Term
[ERROR] location: class comwalmartlabs.warth.nupictest.NupicSuggestions
[ERROR] /Users/aamarth/Documents/VendorAttributeMappingWorkspace/nupictest/src/main/java/comwalmartlabs/warth/nupictest/NupicSuggestions.java:[246,13] cannot find symbol
[ERROR] symbol:   class Term
[ERROR] location: class comwalmartlabs.warth.nupictest.NupicSuggestions
[ERROR] /Users/aamarth/Documents/VendorAttributeMappingWorkspace/nupictest/src/main/java/comwalmartlabs/warth/nupictest/NupicSuggestions.java:[307,13] cannot find symbol
[ERROR] symbol:   class Term
[ERROR] location: class comwalmartlabs.warth.nupictest.NupicSuggestions
[ERROR] /Users/aamarth/Documents/VendorAttributeMappingWorkspace/nupictest/src/main/java/comwalmartlabs/warth/nupictest/NupicSuggestions.java:[416,9] cannot find symbol
[ERROR] symbol:   class ObjectMapper
[ERROR] location: class comwalmartlabs.warth.nupictest.NupicSuggestions
[ERROR] /Users/aamarth/Documents/VendorAttributeMappingWorkspace/nupictest/src/main/java/comwalmartlabs/warth/nupictest/NupicSuggestions.java:[416,35] cannot find symbol
[ERROR] symbol:   class ObjectMapper
[ERROR] location: class comwalmartlabs.warth.nupictest.NupicSuggestions
[ERROR] /Users/aamarth/Documents/VendorAttributeMappingWorkspace/nupictest/src/main/java/comwalmartlabs/warth/nupictest/NupicSuggestions.java:[417,14] cannot find symbol
[ERROR] symbol:   class Term
[ERROR] location: class comwalmartlabs.warth.nupictest.NupicSuggestions
[ERROR] /Users/aamarth/Documents/VendorAttributeMappingWorkspace/nupictest/src/main/java/comwalmartlabs/warth/nupictest/NupicSuggestions.java:[419,58] cannot find symbol
[ERROR] symbol:   class Term
[ERROR] location: class comwalmartlabs.warth.nupictest.NupicSuggestions
[ERROR] /Users/aamarth/Documents/VendorAttributeMappingWorkspace/nupictest/src/main/java/comwalmartlabs/warth/nupictest/NupicSuggestions.java:[427,13] cannot find symbol
[ERROR] symbol:   class Term
[ERROR] location: class comwalmartlabs.warth.nupictest.NupicSuggestions
[ERROR] /Users/aamarth/Documents/VendorAttributeMappingWorkspace/nupictest/src/main/java/comwalmartlabs/warth/nupictest/NupicSuggestions.java:[444,26] cannot find symbol
[ERROR] symbol:   class Term
[ERROR] location: class comwalmartlabs.warth.nupictest.NupicSuggestions
[ERROR] /Users/aamarth/Documents/VendorAttributeMappingWorkspace/nupictest/src/main/java/comwalmartlabs/warth/nupictest/NupicSuggestions.java:[445,17] cannot find symbol
[ERROR] symbol:   class Term
[ERROR] location: class comwalmartlabs.warth.nupictest.NupicSuggestions
[ERROR] /Users/aamarth/Documents/VendorAttributeMappingWorkspace/nupictest/src/main/java/comwalmartlabs/warth/nupictest/NupicSuggestions.java:[446,34] cannot find symbol
[ERROR] symbol:   variable Term
[ERROR] location: class comwalmartlabs.warth.nupictest.NupicSuggestions
[ERROR] /Users/aamarth/Documents/VendorAttributeMappingWorkspace/nupictest/src/main/java/comwalmartlabs/warth/nupictest/NupicSuggestions.java:[496,13] cannot find symbol
[ERROR] symbol:   class RetinaApis
[ERROR] location: class comwalmartlabs.warth.nupictest.NupicSuggestions
[ERROR] /Users/aamarth/Documents/VendorAttributeMappingWorkspace/nupictest/src/main/java/comwalmartlabs/warth/nupictest/NupicSuggestions.java:[496,33] cannot find symbol
[ERROR] symbol:   class RetinaApis
[ERROR] location: class comwalmartlabs.warth.nupictest.NupicSuggestions
[ERROR] -> [Help 1]
org.apache.maven.lifecycle.LifecycleExecutionException: Failed to execute goal org.apache.maven.plugins:maven-compiler-plugin:3.3:compile (default-compile) on project nupictest: Compilation failure
	at org.apache.maven.lifecycle.internal.MojoExecutor.execute(MojoExecutor.java:212)
	at org.apache.maven.lifecycle.internal.MojoExecutor.execute(MojoExecutor.java:153)
	at org.apache.maven.lifecycle.internal.MojoExecutor.execute(MojoExecutor.java:145)
	at org.apache.maven.lifecycle.internal.LifecycleModuleBuilder.buildProject(LifecycleModuleBuilder.java:116)
	at org.apache.maven.lifecycle.internal.LifecycleModuleBuilder.buildProject(LifecycleModuleBuilder.java:80)
	at org.apache.maven.lifecycle.internal.builder.singlethreaded.SingleThreadedBuilder.build(SingleThreadedBuilder.java:51)
	at org.apache.maven.lifecycle.internal.LifecycleStarter.execute(LifecycleStarter.java:128)
	at org.apache.maven.DefaultMaven.doExecute(DefaultMaven.java:307)
	at org.apache.maven.DefaultMaven.doExecute(DefaultMaven.java:193)
	at org.apache.maven.DefaultMaven.execute(DefaultMaven.java:106)
	at org.apache.maven.cli.MavenCli.execute(MavenCli.java:862)
	at org.apache.maven.cli.MavenCli.doMain(MavenCli.java:286)
	at org.apache.maven.cli.MavenCli.main(MavenCli.java:197)
	at sun.reflect.NativeMethodAccessorImpl.invoke0(Native Method)
	at sun.reflect.NativeMethodAccessorImpl.invoke(NativeMethodAccessorImpl.java:62)
	at sun.reflect.DelegatingMethodAccessorImpl.invoke(DelegatingMethodAccessorImpl.java:43)
	at java.lang.reflect.Method.invoke(Method.java:497)
	at org.codehaus.plexus.classworlds.launcher.Launcher.launchEnhanced(Launcher.java:289)
	at org.codehaus.plexus.classworlds.launcher.Launcher.launch(Launcher.java:229)
	at org.codehaus.plexus.classworlds.launcher.Launcher.mainWithExitCode(Launcher.java:415)
	at org.codehaus.plexus.classworlds.launcher.Launcher.main(Launcher.java:356)
Caused by: org.apache.maven.plugin.compiler.CompilationFailureException: Compilation failure
	at org.apache.maven.plugin.compiler.AbstractCompilerMojo.execute(AbstractCompilerMojo.java:911)
	at org.apache.maven.plugin.compiler.CompilerMojo.execute(CompilerMojo.java:129)
	at org.apache.maven.plugin.DefaultBuildPluginManager.executeMojo(DefaultBuildPluginManager.java:134)
	at org.apache.maven.lifecycle.internal.MojoExecutor.execute(MojoExecutor.java:208)
	... 20 more
[ERROR] 
[ERROR] 
[ERROR] For more information about the errors and possible solutions, please read the following articles:
[ERROR] [Help 1] http://cwiki.apache.org/confluence/display/MAVEN/MojoFailureException
